<?xml version="1.0" encoding="UTF-8"?>
<!-- Generated by org.testng.reporters.JUnitXMLReporter -->
<testsuite hostname="LK-LPA" ignored="0" name="Default test" tests="2" failures="1" timestamp="27 Feb 2019 13:04:09 GMT" time="44.118" errors="0">
  <testcase name="feature" time="33.981" classname="cucumber.api.testng.AbstractTestNGCucumberTests">
    <failure type="cucumber.runtime.CucumberException" message="com.applitools.eyes.exceptions.DiffsFoundException: Test &amp;apos;Testing Login&amp;apos; of &amp;apos;Sample Test&amp;apos; detected differences! See details at: https://eyes.applitools.com/app/batches/00000251851028184817/00000251851028184661?accountId=w4msQRTIe0qvbVIpylMXqQ~~">
      <![CDATA[cucumber.runtime.CucumberException: com.applitools.eyes.exceptions.DiffsFoundException: Test 'Testing Login' of 'Sample Test' detected differences! See details at: https://eyes.applitools.com/app/batches/00000251851028184817/00000251851028184661?accountId=w4msQRTIe0qvbVIpylMXqQ~~
at cucumber.api.testng.TestNGCucumberRunner.runCucumber(TestNGCucumberRunner.java:69)
at cucumber.api.testng.AbstractTestNGCucumberTests.feature(AbstractTestNGCucumberTests.java:21)
at sun.reflect.NativeMethodAccessorImpl.invoke0(Native Method)
at sun.reflect.NativeMethodAccessorImpl.invoke(NativeMethodAccessorImpl.java:62)
at sun.reflect.DelegatingMethodAccessorImpl.invoke(DelegatingMethodAccessorImpl.java:43)
at java.lang.reflect.Method.invoke(Method.java:498)
at org.testng.internal.MethodInvocationHelper.invokeMethod(MethodInvocationHelper.java:124)
at org.testng.internal.Invoker.invokeMethod(Invoker.java:580)
at org.testng.internal.Invoker.invokeTestMethod(Invoker.java:716)
at org.testng.internal.Invoker.invokeTestMethods(Invoker.java:988)
at org.testng.internal.TestMethodWorker.invokeTestMethods(TestMethodWorker.java:125)
at org.testng.internal.TestMethodWorker.run(TestMethodWorker.java:109)
at org.testng.TestRunner.privateRun(TestRunner.java:648)
at org.testng.TestRunner.run(TestRunner.java:505)
at org.testng.SuiteRunner.runTest(SuiteRunner.java:455)
at org.testng.SuiteRunner.runSequentially(SuiteRunner.java:450)
at org.testng.SuiteRunner.privateRun(SuiteRunner.java:415)
at org.testng.SuiteRunner.run(SuiteRunner.java:364)
at org.testng.SuiteRunnerWorker.runSuite(SuiteRunnerWorker.java:52)
at org.testng.SuiteRunnerWorker.run(SuiteRunnerWorker.java:84)
at org.testng.TestNG.runSuitesSequentially(TestNG.java:1208)
at org.testng.TestNG.runSuitesLocally(TestNG.java:1137)
at org.testng.TestNG.runSuites(TestNG.java:1049)
at org.testng.TestNG.run(TestNG.java:1017)
at org.testng.remote.AbstractRemoteTestNG.run(AbstractRemoteTestNG.java:114)
at org.testng.remote.RemoteTestNG.initAndRun(RemoteTestNG.java:251)
at org.testng.remote.RemoteTestNG.main(RemoteTestNG.java:77)
Caused by: com.applitools.eyes.exceptions.DiffsFoundException: Test 'Testing Login' of 'Sample Test' detected differences! See details at: https://eyes.applitools.com/app/batches/00000251851028184817/00000251851028184661?accountId=w4msQRTIe0qvbVIpylMXqQ~~
at com.applitools.eyes.EyesBase.close(EyesBase.java:792)
at com.applitools.eyes.selenium.Eyes.close(Eyes.java:2650)
at com.applitools.eyes.EyesBase.close(EyesBase.java:734)
at Utility.AppliToolsEyes.closeEyes(AppliToolsEyes.java:27)
at stepdefs.LoginScenario.i_should_navigate_to_the_home_page(LoginScenario.java:69)
at âœ½.Then I should navigate to the home page(LoginScenario.feature:8)
]]>
    </failure>
  </testcase> <!-- feature -->
  <testcase name="feature" time="9.93" classname="cucumber.api.testng.AbstractTestNGCucumberTests"/>
</testsuite> <!-- Default test -->
